<?xml version="1.0" encoding="UTF-8"?>
<!-- Generated by org.testng.reporters.JUnitXMLReporter -->
<testsuite hostname="Shubham" ignored="0" name="Add Customer Test" tests="1" failures="1" timestamp="2020-05-19T21:23:32 IST" time="1.514" errors="0">
  <testcase name="addCustomerTest" time="0.93" classname="com.w2a.testcases.AddCustomerTest">
    <failure type="java.lang.AssertionError" message="customer not added">
      <![CDATA[java.lang.AssertionError: customer not added
at com.w2a.testcases.AddCustomerTest.addCustomerTest(AddCustomerTest.java:26)
at java.util.ArrayList.forEach(ArrayList.java:1249)
... Removed 29 stack frames]]>
    </failure>
  </testcase> <!-- addCustomerTest -->
</testsuite> <!-- Add Customer Test -->
